<?xml version="1.0" encoding="UTF-8"?>
<testExecutions version="1">
  <file path="C:\Users\leone\OneDrive\Escritorio\NODE-EX\polaris-core-unlimited\aplicativo\test\test.spec.ts">
    <testCase name="test test" duration="3"/>
  </file>
</testExecutions>